info-2022/07/30/18:28:40-任务轮转:1
warn-2022/07/30/18:30:51-推送视频err
info-2022/07/30/18:31:18-任务轮转:1
info-2022/07/30/18:32:01-任务轮转:1
info-2022/07/30/18:33:36-任务轮转:1
warn-2022/07/30/18:33:44-推送视频err
info-2022/07/30/18:34:27-任务轮转:1
info-2022/07/30/18:35:59-任务轮转:1
info-2022/07/30/18:36:42-任务轮转:1
info-2022/07/30/18:37:51-任务轮转:1
warn-2022/07/30/18:38:51-推送视频err
warn-2022/07/30/18:38:52-推送视频err
info-2022/07/30/18:40:46-任务轮转:1
warn-2022/07/30/18:41:11-重发视频err
info-2022/07/30/18:41:24-推送剧情树success
info-2022/07/30/18:42:08-任务轮转:1
info-2022/07/30/18:43:08-任务轮转:1
info-2022/07/30/18:43:45-任务轮转:1
info-2022/07/30/18:45:20-任务轮转:1
info-2022/07/30/18:45:51-任务轮转:1
info-2022/07/30/18:46:50-任务轮转:1
info-2022/07/30/18:47:26-任务轮转:1
info-2022/07/30/18:48:10-任务轮转:1
info-2022/07/30/18:49:47-任务轮转:1
info-2022/07/30/18:52:29-任务轮转:1
info-2022/07/30/18:53:13-任务轮转:1
info-2022/07/30/18:53:57-任务轮转:1
info-2022/07/30/18:54:29-任务轮转:1
info-2022/07/30/18:55:26-任务轮转:1
info-2022/07/30/18:59:37-推送视频success
warn-2022/07/30/19:02:21-重发视频err
info-2022/07/30/19:02:31-推送剧情树success
info-2022/07/30/19:04:14-推广评论success
info-2022/07/30/19:04:27-个人评论success
info-2022/07/30/19:04:28-任务轮转:2
info-2022/07/30/19:09:01-推送视频success
warn-2022/07/30/19:15:09-重发视频err
info-2022/07/30/19:15:20-推送剧情树success
info-2022/07/30/19:17:20-推广评论success
info-2022/07/30/19:18:01-个人评论success
info-2022/07/30/19:18:01-任务轮转:3
info-2022/07/30/19:24:08-推送视频success
warn-2022/07/30/19:28:47-重发视频err
info-2022/07/30/19:29:02-推送剧情树success
info-2022/07/30/19:31:04-推广评论success
info-2022/07/30/19:31:45-个人评论success
info-2022/07/30/19:31:46-任务轮转:4
info-2022/07/30/19:37:16-推送视频success
warn-2022/07/30/19:42:11-重发视频err
info-2022/07/30/19:42:32-推送剧情树success
info-2022/07/30/19:43:35-推广评论success
info-2022/07/30/19:46:04-个人评论success
info-2022/07/30/19:46:05-任务轮转:5
info-2022/07/30/19:48:41-推送视频success
warn-2022/07/30/19:53:23-重发视频err
info-2022/07/30/19:53:38-推送剧情树success
info-2022/07/30/19:55:33-推广评论success
info-2022/07/30/19:59:15-个人评论success
info-2022/07/30/19:59:15-任务轮转:6
info-2022/07/30/20:09:11-推送视频success
warn-2022/07/30/20:15:44-重发视频err
info-2022/07/30/20:15:54-推送剧情树success
info-2022/07/30/20:18:17-推广评论success
info-2022/07/30/20:22:33-个人评论success
info-2022/07/30/20:22:33-任务轮转:7
info-2022/07/30/20:26:29-推送视频success
warn-2022/07/30/20:31:27-重发视频err
info-2022/07/30/20:31:36-推送剧情树success
info-2022/07/30/20:33:43-推广评论success
info-2022/07/30/20:38:01-个人评论success
info-2022/07/30/20:38:02-任务轮转:8
info-2022/07/30/20:44:11-推送视频success
warn-2022/07/30/20:49:08-重发视频err
info-2022/07/30/20:49:17-推送剧情树success
info-2022/07/30/20:51:11-推广评论success
info-2022/07/30/20:55:26-个人评论success
info-2022/07/30/20:55:26-任务轮转:9
info-2022/07/30/21:01:35-推送视频success
warn-2022/07/30/21:07:26-重发视频err
info-2022/07/30/21:07:36-推送剧情树success
info-2022/07/30/21:09:48-推广评论success
info-2022/07/30/21:14:07-个人评论success
info-2022/07/30/21:14:08-任务轮转:10
info-2022/07/30/21:18:44-推送视频success
warn-2022/07/30/21:23:07-重发视频err
info-2022/07/30/21:23:18-推送剧情树success
info-2022/07/30/21:24:15-推广评论success
info-2022/07/30/21:28:34-个人评论success
info-2022/07/30/21:28:35-任务轮转:11
info-2022/07/30/21:33:09-推送视频success
warn-2022/07/30/21:36:30-重发视频err
info-2022/07/30/21:36:39-推送剧情树success
info-2022/07/30/21:37:39-推广评论success
info-2022/07/30/21:42:02-个人评论success
info-2022/07/30/21:42:02-任务轮转:12
info-2022/07/30/21:42:38-任务轮转:1
warn-2022/07/30/21:46:44-重发视频err
info-2022/07/30/21:46:45-任务轮转:2
info-2022/07/30/21:47:23-任务轮转:1
info-2022/07/30/21:52:57-任务轮转:1
warn-2022/07/30/22:13:14-重发视频err
info-2022/07/30/22:13:16-任务轮转:2
warn-2022/07/30/22:33:34-重发视频err
info-2022/07/30/22:33:34-任务轮转:3
